make all --print-data-base --no-builtin-variables --no-builtin-rules --question
# GNU Make 4.3
# Built for x86_64-redhat-linux-gnu
# Copyright (C) 1988-2020 Free Software Foundation, Inc.
# License GPLv3+: GNU GPL version 3 or later <http://gnu.org/licenses/gpl.html>
# This is free software: you are free to change and redistribute it.
# There is NO WARRANTY, to the extent permitted by law.
 

# Make data base, printed on Tue Oct 24 08:35:52 2023

# Variables

# makefile (from 'Makefile', line 20)
OBJ = ./build
# environment
GDK_BACKEND = x11
# environment
LC_ALL = C
# environment
NO_AT_BRIDGE = 1
# makefile (from 'Makefile', line 18)
SRC = ./src
# environment
VSCODE_CRASH_REPORTER_PROCESS_TYPE = extensionHost
# environment
VSCODE_CWD = /home/brian/src
# environment
GDM_LANG = en_US.utf8
# default
MAKE_COMMAND := make
# automatic
@D = $(patsubst %/,%,$(dir $@))
# environment
VSCODE_HANDLES_UNCAUGHT_ERRORS = true
# default
.VARIABLES := 
# environment
PWD = /home/brian/src/streamy-cpp
# automatic
%D = $(patsubst %/,%,$(dir $%))
# environment
HOSTNAME = gamma
# environment
MAIL = /var/spool/mail/brian
# environment
XDG_DATA_DIRS = /home/brian/.local/share/flatpak/exports/share:/var/lib/flatpak/exports/share:/usr/local/share:/usr/share:/usr/share
# automatic
^D = $(patsubst %/,%,$(dir $^))
# automatic
%F = $(notdir $%)
# environment
VSCODE_CODE_CACHE_PATH = /home/brian/.config/Code/CachedData/f1b07bd25dfad64b0167beb15359ae573aecd2cc
# environment
XDG_SESSION_PATH = /org/freedesktop/DisplayManager/Session0
# environment
SSH_ASKPASS = /usr/libexec/openssh/gnome-ssh-askpass
# environment
LANG = C
# environment
XAUTHORITY = /run/lightdm/brian/xauthority
# default
.LOADED := 
# default
.INCLUDE_DIRS = /usr/include /usr/local/include /usr/include
# makefile
MAKEFLAGS = pqrR
# makefile
CURDIR := /home/brian/src/streamy-cpp
# environment
APPLICATION_INSIGHTS_NO_DIAGNOSTIC_CHANNEL = 1
# environment
LESSOPEN = ||/usr/bin/lesspipe.sh %s
# environment
VSCODE_L10N_BUNDLE_LOCATION = 
# automatic
*D = $(patsubst %/,%,$(dir $*))
# environment
MFLAGS = -pqrR
# environment
SSH_AUTH_SOCK = /tmp/ssh-XXXXXXoLYSgz/agent.1427
# default
.SHELLFLAGS := -c
# environment
HISTSIZE = 1000
# environment
XDG_CONFIG_DIRS = /etc/xdg
# automatic
+D = $(patsubst %/,%,$(dir $+))
# environment
XDG_SESSION_DESKTOP = xfce
# makefile (from 'Makefile', line 1)
MAKEFILE_LIST := Makefile
# automatic
@F = $(notdir $@)
# environment
VSCODE_PID = 339130
# environment
XDG_SESSION_TYPE = x11
# makefile (from 'Makefile', line 17)
APPNAME = streamy
# automatic
?D = $(patsubst %/,%,$(dir $?))
# makefile (from 'Makefile', line 7)
CCFLAGS = -g
# makefile (from 'Makefile', line 15)
INCLUDES = -I/usr/local/include/cppunit/
# environment
SESSION_MANAGER = local/unix:@/tmp/.ICE-unix/1427,unix/unix:/tmp/.ICE-unix/1427
# automatic
*F = $(notdir $*)
# environment
CHROME_DESKTOP = code-url-handler.desktop
# environment
DBUS_SESSION_BUS_ADDRESS = unix:path=/run/user/1000/bus
# automatic
<D = $(patsubst %/,%,$(dir $<))
# environment
VSCODE_NLS_CONFIG = {"locale":"en-us","osLocale":"en-us","availableLanguages":{},"_languagePackSupport":true}
# default
MAKE_HOST := x86_64-redhat-linux-gnu
# environment
IMSETTINGS_INTEGRATE_DESKTOP = yes
# makefile
SHELL = /bin/sh
# default
MAKECMDGOALS := all
# environment
XMODIFIERS = @im=none
# environment
DOTNET_BUNDLE_EXTRACT_BASE_DIR = /home/brian/.cache/dotnet_bundle_extract
# environment
SHLVL = 0
# environment
MAKELEVEL := 0
# default
MAKE = $(MAKE_COMMAND)
# environment
IMSETTINGS_MODULE = none
# environment
PATH = /usr/local/bin:/usr/bin:/bin:/usr/local/sbin:/usr/sbin:/home/brian/.dotnet/tools
# environment
MOZ_GMP_PATH = /usr/lib64/mozilla/plugins/gmp-gmpopenh264/system-installed
# default
MAKEFILES := 
# automatic
^F = $(notdir $^)
# automatic
?F = $(notdir $?)
# environment
XDG_SEAT = seat0
# environment
GTK_IM_MODULE = gtk-im-context-simple
# environment
XDG_CURRENT_DESKTOP = XFCE
# environment
KDEDIRS = /usr
# automatic
+F = $(notdir $+)
# environment
XDG_SEAT_PATH = /org/freedesktop/DisplayManager/Seat0
# environment
DESKTOP_SESSION = xfce
# environment
ORIGINAL_XDG_CURRENT_DESKTOP = XFCE
# 'override' directive
GNUMAKEFLAGS := 
# environment
LOGNAME = brian
# makefile (from 'Makefile', line 11)
YACC = bison -d   
# environment
GIO_LAUNCHED_DESKTOP_FILE = /usr/share/applications/code.desktop
# environment
XDG_VTNR = 1
# makefile
.DEFAULT_GOAL := all
# environment
HISTCONTROL = ignoredups
# environment
EDITOR = /usr/bin/nano
# environment
DISPLAY = :0
# environment
USER = brian
# default
MAKE_VERSION := 4.3
# makefile (from 'Makefile', line 19)
BUILD = ./build
# makefile (from 'Makefile', line 14)
LDFLAGS = -static -lcppunit -L/usr/local/lib/
# environment
DEBUGINFOD_URLS = https://debuginfod.fedoraproject.org/ 
# environment
GIO_LAUNCHED_DESKTOP_FILE_PID = 355009
# environment
SSH_AGENT_PID = 1629
# environment
_ = /usr/bin/make
# environment
XDG_RUNTIME_DIR = /run/user/1000
# environment
XDG_SESSION_CLASS = user
# environment
VSCODE_AMD_ENTRYPOINT = vs/workbench/api/node/extensionHostProcess
# environment
HOME = /home/brian
# environment
QT_IM_MODULE = xim
# environment
ELECTRON_RUN_AS_NODE = 1
# environment
VSCODE_IPC_HOOK = /run/user/1000/vscode-b296f0cc-1.83-main.sock
# environment
TERM = dumb
# makefile (from 'Makefile', line 10)
LEX = flex
# environment
XDG_SESSION_ID = 2
# default
.RECIPEPREFIX := 
# automatic
<F = $(notdir $<)
# default
SUFFIXES := 
# makefile (from 'Makefile', line 6)
CXXFLAGS = -g -std=c++11 -DDEBUG
# environment
XDG_GREETER_DATA_DIR = /var/lib/lightdm-data/brian
# default
.FEATURES := target-specific order-only second-expansion else-if shortest-stem undefine oneshell nocomment grouped-target extra-prereqs archives jobserver output-sync check-symlink guile load
# makefile (from 'Makefile', line 5)
CXX = g++
# makefile (from 'Makefile', line 8)
CC = gcc $(CCFLAGS)
# environment
XDG_MENU_PREFIX = xfce-
# environment
DOTNET_ROOT = /usr/lib64/dotnet
# environment
GDMSESSION = xfce
# variable set hash-table stats:
# Load=114/1024=11%, Rehash=0, Collisions=14/158=9%

# Pattern-specific Variable Values

# No pattern-specific variable values.

# Directories

# . (device 42, inode 826006): 18 files, no impossibilities.

# 18 files, no impossibilities in 1 directories.

# Implicit Rules

# No implicit rules.

# Files

stream_app: main.o stream_app.o
#  Implicit rule search has not been done.
#  File does not exist.
#  File has been updated.
#  Needs to be updated (-q is set).
# variable set hash-table stats:
# Load=0/32=0%, Rehash=0, Collisions=0/7=0%
#  recipe to execute (from 'Makefile', line 50):
	$(CXX) $(CXXFLAGS) $(OBJ)/main.o $(OBJ)/stream_app.o -o $(BUILD)/stream_app

tokenizer: tokenizer.yy.c
#  Implicit rule search has not been done.
#  Modification time never checked.
#  File has not been updated.
#  recipe to execute (from 'Makefile', line 68):
	$(CXX) $(CXXFLAGS) $(BUILD)/tokenizer.yy.c -ll -o $(BUILD)/tokenizer

stream_app.o:
#  Implicit rule search has not been done.
#  Modification time never checked.
#  File has not been updated.
#  recipe to execute (from 'Makefile', line 53):
	$(CXX) $(CXXFLAGS) -c $(SRC)/app.cpp -o $(OBJ)/stream_app.o

bison_incl_skel: "../../streamy-cpp/src/streamy.hpp"
#  Implicit rule search has not been done.
#  Modification time never checked.
#  File has not been updated.
#  recipe to execute (from 'Makefile', line 65):
	$(YACC) $(SRC)/bison_incl_skel.y

streamy-cpp.o: streamy-cpp.yy.c
#  Implicit rule search has not been done.
#  Modification time never checked.
#  File has not been updated.
#  recipe to execute (from 'Makefile', line 59):
	$(CXX) $(CXXFLAGS) -c $(BUILD)/streamy-cpp.yy.c -o $(BUILD)/streamy-cpp.yy.o

streamy.so: streamy.o
#  Implicit rule search has not been done.
#  Modification time never checked.
#  File has not been updated.
#  recipe to execute (from 'Makefile', line 44):
	$(CXX) $(CXXFLAGS) --shared $(OBJ)/$(APPNAME).o -o $(BUILD)/$(APPNAME).so

y.tab.h:
#  Implicit rule search has not been done.
#  Modification time never checked.
#  File has not been updated.
#  recipe to execute (from 'Makefile', line 74):
	$(YACC) $(SRC)/streamy-cpp.y
	mv ./streamy-cpp.tab.* $(BUILD)/.

streamy: app.o main.o streamy.o streamy.yy.c
#  Implicit rule search has not been done.
#  Modification time never checked.
#  File has not been updated.
#  recipe to execute (from 'Makefile', line 29):
	$(CXX) $(CXXFLAGS) $(OBJ)/main.o $(OBJ)/streamy.o -ll -o $(BUILD)/streamy

# Not a target:
Makefile:
#  Implicit rule search has been done.
#  Last modified 2023-10-24 08:35:21.128017368
#  File has been updated.
#  Successfully updated.

clean:
#  Phony target (prerequisite of .PHONY).
#  Implicit rule search has not been done.
 
#  File does not exist.
#  File has not been updated.
#  recipe to execute (from 'Makefile', line 79):
	-rm $(BUILD)/*

streamy-cpp.yy.c:
#  Implicit rule search has not been done.
#  Modification time never checked.
#  File has not been updated.
#  recipe to execute (from 'Makefile', line 62):
	$(LEX) -o $(BUILD)/streamy-cpp.yy.c $(SRC)/streamy-cpp.l

y.tab.c:
#  Implicit rule search has not been done.
#  Modification time never checked.
#  File has not been updated.
#  recipe to execute (from 'Makefile', line 74):
	$(YACC) $(SRC)/streamy-cpp.y
	mv ./streamy-cpp.tab.* $(BUILD)/.

streamy.o:
#  Implicit rule search has not been done.
#  Modification time never checked.
#  File has not been updated.
#  recipe to execute (from 'Makefile', line 32):
	$(CXX) $(CXXFLAGS) -fPIC -c $(SRC)/$(APPNAME).cpp -o $(OBJ)/$(APPNAME).o

# Not a target:
.DEFAULT:
#  Implicit rule search has not been done.
#  Modification time never checked.
#  File has not been updated.

all:: stream_app
#  Command line target.
#  Implicit rule search has been done.
#  File does not exist.
#  File has been updated.
#  Needs to be updated (-q is set).
# variable set hash-table stats:
# Load=0/32=0%, Rehash=0, Collisions=0/7=0%

all:: streamy-cpp
#  Implicit rule search has not been done.
#  File does not exist.
#  File has not been updated.

all:: tokenizer
#  Implicit rule search has not been done.
#  File does not exist.
#  File has not been updated.

streamy.a: streamy.o
#  Implicit rule search has not been done.
#  Modification time never checked.
#  File has not been updated.
#  recipe to execute (from 'Makefile', line 47):
	ar rvs $(BUILD)/$(APPNAME).a $(OBJ)/$(APPNAME).o

main.o:
#  Implicit rule search has not been done.
#  Implicit/static pattern stem: ''
#  File does not exist.
#  File has been updated.
#  Needs to be updated (-q is set).
# automatic
# @ := main.o
# automatic
# * := 
# automatic
# < := 
# automatic
# + := 
# automatic
# % := 
# automatic
# ^ := 
# automatic
# ? := 
# automatic
# | := 
# variable set hash-table stats:
# Load=8/32=25%, Rehash=0, Collisions=1/15=7%
#  recipe to execute (from 'Makefile', line 38):
	$(CXX) $(CXXFLAGS) -c $(SRC)/main.cpp -o $(OBJ)/main.o

tokenizer.yy.c:
#  Implicit rule search has not been done.
#  Modification time never checked.
#  File has not been updated.
#  recipe to execute (from 'Makefile', line 71):
	$(LEX) -o $(BUILD)/tokenizer.yy.c $(SRC)/tokenizer.l

streamy-cpp: streamy-cpp.o
#  Implicit rule search has not been done.
#  Modification time never checked.
#  File has not been updated.
#  recipe to execute (from 'Makefile', line 56):
	$(CXX) $(CXXFLAGS) $(OBJ)/streamy-cpp.yy.o -ll -o $(BUILD)/streamy-cpp

# Not a target:
.SUFFIXES:
#  Implicit rule search has not been done.
#  Modification time never checked.
#  File has not been updated.

.PHONY: clean
#  Implicit rule search has not been done.
#  Modification time never checked.
#  File has not been updated.

streamy.yy.c:
#  Implicit rule search has not been done.
#  Modification time never checked.
#  File has not been updated.
#  recipe to execute (from 'Makefile', line 41):
	$(LEX) -o $(BUILD)/$(APPNAME).yy.c $(SRC)/$(APPNAME).l

app.o:
#  Implicit rule search has not been done.
#  Modification time never checked.
#  File has not been updated.
#  recipe to execute (from 'Makefile', line 35):
	$(CXX) $(CXXFLAGS) -fPIC -c $(SRC)/app.cpp -o $(OBJ)/app.o

# Not a target:
"../../streamy-cpp/src/streamy.hpp":
#  Implicit rule search has not been done.
#  Modification time never checked.
#  File has not been updated.

# files hash-table stats:
# Load=24/1024=2%, Rehash=0, Collisions=0/69=0%
# VPATH Search Paths

# No 'vpath' search paths.

# No general ('VPATH' variable) search path.

# strcache buffers: 1 (0) / strings = 43 / storage = 407 B / avg = 9 B
# current buf: size = 8162 B / used = 407 B / count = 43 / avg = 9 B

# strcache performance: lookups = 88 / hit rate = 51%
# hash-table stats:
# Load=43/8192=1%, Rehash=0, Collisions=0/88=0%
# Finished Make data base on Tue Oct 24 08:35:52 2023

 
